<?xml version="1.0" encoding="UTF-8"?>
<coverage generated="1614211583215" clover="3.2.0">
  <project timestamp="1614211583216" name="All files">
    <metrics statements="37" coveredstatements="37" conditionals="6" coveredconditionals="6" methods="21" coveredmethods="21" elements="64" coveredelements="64" complexity="0" loc="37" ncloc="37" packages="1" files="6" classes="6"/>
    <file name="App.js" path="/mnt/c/Users/starrynightm13/Documents/Web Development/Application 4/meet/src/App.js">
      <metrics statements="12" coveredstatements="12" conditionals="4" coveredconditionals="4" methods="7" coveredmethods="7"/>
      <line num="10" count="5" type="stmt"/>
      <line num="15" count="5" type="stmt"/>
      <line num="16" count="2" type="stmt"/>
      <line num="17" count="2" type="cond" truecount="2" falsecount="0"/>
      <line num="19" count="2" type="stmt"/>
      <line num="20" count="2" type="stmt"/>
      <line num="27" count="5" type="stmt"/>
      <line num="28" count="5" type="stmt"/>
      <line num="29" count="5" type="cond" truecount="2" falsecount="0"/>
      <line num="30" count="3" type="stmt"/>
      <line num="39" count="4" type="stmt"/>
      <line num="42" count="8" type="stmt"/>
    </file>
    <file name="CitySearch.js" path="/mnt/c/Users/starrynightm13/Documents/Web Development/Application 4/meet/src/CitySearch.js">
      <metrics statements="14" coveredstatements="14" conditionals="2" coveredconditionals="2" methods="8" coveredmethods="8"/>
      <line num="4" count="5" type="stmt"/>
      <line num="9" count="5" type="stmt"/>
      <line num="10" count="2" type="stmt"/>
      <line num="11" count="2" type="stmt"/>
      <line num="12" count="4" type="stmt"/>
      <line num="14" count="2" type="stmt"/>
      <line num="16" count="5" type="stmt"/>
      <line num="17" count="4" type="stmt"/>
      <line num="21" count="4" type="stmt"/>
      <line num="24" count="22" type="stmt"/>
      <line num="30" count="2" type="stmt"/>
      <line num="35" count="19" type="stmt"/>
      <line num="36" count="2" type="stmt"/>
      <line num="40" count="1" type="stmt"/>
    </file>
    <file name="EventList.js" path="/mnt/c/Users/starrynightm13/Documents/Web Development/Application 4/meet/src/EventList.js">
      <metrics statements="2" coveredstatements="2" conditionals="0" coveredconditionals="0" methods="2" coveredmethods="2"/>
      <line num="6" count="9" type="stmt"/>
      <line num="9" count="2" type="stmt"/>
    </file>
    <file name="NumberOfEvents.js" path="/mnt/c/Users/starrynightm13/Documents/Web Development/Application 4/meet/src/NumberOfEvents.js">
      <metrics statements="2" coveredstatements="2" conditionals="0" coveredconditionals="0" methods="1" coveredmethods="1"/>
      <line num="4" count="4" type="stmt"/>
      <line num="9" count="6" type="stmt"/>
    </file>
    <file name="api.js" path="/mnt/c/Users/starrynightm13/Documents/Web Development/Application 4/meet/src/api.js">
      <metrics statements="6" coveredstatements="6" conditionals="0" coveredconditionals="0" methods="3" coveredmethods="3"/>
      <line num="3" count="2" type="stmt"/>
      <line num="4" count="9" type="stmt"/>
      <line num="7" count="2" type="stmt"/>
      <line num="8" count="4" type="stmt"/>
      <line num="9" count="2" type="stmt"/>
      <line num="10" count="2" type="stmt"/>
    </file>
    <file name="mock-data.js" path="/mnt/c/Users/starrynightm13/Documents/Web Development/Application 4/meet/src/mock-data.js">
      <metrics statements="1" coveredstatements="1" conditionals="0" coveredconditionals="0" methods="0" coveredmethods="0"/>
      <line num="1" count="3" type="stmt"/>
    </file>
  </project>
</coverage>
