{"/mnt/c/Users/starrynightm13/Documents/Web Development/Application 4/meet/src/App.js": {"path":"/mnt/c/Users/starrynightm13/Documents/Web Development/Application 4/meet/src/App.js","statementMap":{"0":{"start":{"line":10,"column":10},"end":{"line":14,"column":3}},"1":{"start":{"line":15,"column":17},"end":{"line":24,"column":3}},"2":{"start":{"line":16,"column":4},"end":{"line":23,"column":7}},"3":{"start":{"line":17,"column":29},"end":{"line":19,"column":59}},"4":{"start":{"line":19,"column":31},"end":{"line":19,"column":58}},"5":{"start":{"line":20,"column":6},"end":{"line":22,"column":9}},"6":{"start":{"line":27,"column":4},"end":{"line":27,"column":24}},"7":{"start":{"line":28,"column":4},"end":{"line":35,"column":7}},"8":{"start":{"line":29,"column":6},"end":{"line":34,"column":7}},"9":{"start":{"line":30,"column":8},"end":{"line":33,"column":11}},"10":{"start":{"line":39,"column":4},"end":{"line":39,"column":25}},"11":{"start":{"line":42,"column":4},"end":{"line":48,"column":6}}},"fnMap":{"0":{"name":"(anonymous_0)","decl":{"start":{"line":15,"column":17},"end":{"line":15,"column":18}},"loc":{"start":{"line":15,"column":31},"end":{"line":24,"column":3}},"line":15},"1":{"name":"(anonymous_1)","decl":{"start":{"line":16,"column":21},"end":{"line":16,"column":22}},"loc":{"start":{"line":16,"column":33},"end":{"line":23,"column":5}},"line":16},"2":{"name":"(anonymous_2)","decl":{"start":{"line":19,"column":20},"end":{"line":19,"column":21}},"loc":{"start":{"line":19,"column":31},"end":{"line":19,"column":58}},"line":19},"3":{"name":"(anonymous_3)","decl":{"start":{"line":26,"column":2},"end":{"line":26,"column":3}},"loc":{"start":{"line":26,"column":22},"end":{"line":36,"column":3}},"line":26},"4":{"name":"(anonymous_4)","decl":{"start":{"line":28,"column":21},"end":{"line":28,"column":22}},"loc":{"start":{"line":28,"column":35},"end":{"line":35,"column":5}},"line":28},"5":{"name":"(anonymous_5)","decl":{"start":{"line":38,"column":2},"end":{"line":38,"column":3}},"loc":{"start":{"line":38,"column":25},"end":{"line":40,"column":3}},"line":38},"6":{"name":"(anonymous_6)","decl":{"start":{"line":41,"column":2},"end":{"line":41,"column":3}},"loc":{"start":{"line":41,"column":11},"end":{"line":49,"column":3}},"line":41}},"branchMap":{"0":{"loc":{"start":{"line":17,"column":29},"end":{"line":19,"column":59}},"type":"cond-expr","locations":[{"start":{"line":18,"column":6},"end":{"line":18,"column":12}},{"start":{"line":19,"column":6},"end":{"line":19,"column":59}}],"line":17},"1":{"loc":{"start":{"line":29,"column":6},"end":{"line":34,"column":7}},"type":"if","locations":[{"start":{"line":29,"column":6},"end":{"line":34,"column":7}},{"start":{"line":29,"column":6},"end":{"line":34,"column":7}}],"line":29}},"s":{"0":5,"1":5,"2":2,"3":2,"4":2,"5":2,"6":5,"7":5,"8":5,"9":3,"10":4,"11":8},"f":{"0":2,"1":2,"2":2,"3":5,"4":5,"5":4,"6":8},"b":{"0":[1,1],"1":[3,2]},"_coverageSchema":"1a1c01bbd47fc00a2c39e90264f33305004495a9","hash":"e88a66c754f09a56d547da0834c55c783de4914f"}
,"/mnt/c/Users/starrynightm13/Documents/Web Development/Application 4/meet/src/CitySearch.js": {"path":"/mnt/c/Users/starrynightm13/Documents/Web Development/Application 4/meet/src/CitySearch.js","statementMap":{"0":{"start":{"line":4,"column":12},"end":{"line":8,"column":5}},"1":{"start":{"line":9,"column":25},"end":{"line":15,"column":5}},"2":{"start":{"line":10,"column":22},"end":{"line":10,"column":40}},"3":{"start":{"line":11,"column":28},"end":{"line":13,"column":10}},"4":{"start":{"line":12,"column":12},"end":{"line":12,"column":76}},"5":{"start":{"line":14,"column":8},"end":{"line":14,"column":52}},"6":{"start":{"line":16,"column":24},"end":{"line":22,"column":5}},"7":{"start":{"line":17,"column":8},"end":{"line":20,"column":11}},"8":{"start":{"line":21,"column":8},"end":{"line":21,"column":44}},"9":{"start":{"line":24,"column":4},"end":{"line":45,"column":6}},"10":{"start":{"line":30,"column":25},"end":{"line":30,"column":65}},"11":{"start":{"line":35,"column":16},"end":{"line":38,"column":25}},"12":{"start":{"line":36,"column":30},"end":{"line":36,"column":64}},"13":{"start":{"line":40,"column":30},"end":{"line":40,"column":59}}},"fnMap":{"0":{"name":"(anonymous_0)","decl":{"start":{"line":9,"column":25},"end":{"line":9,"column":26}},"loc":{"start":{"line":9,"column":36},"end":{"line":15,"column":5}},"line":9},"1":{"name":"(anonymous_1)","decl":{"start":{"line":11,"column":56},"end":{"line":11,"column":57}},"loc":{"start":{"line":11,"column":70},"end":{"line":13,"column":9}},"line":11},"2":{"name":"(anonymous_2)","decl":{"start":{"line":16,"column":24},"end":{"line":16,"column":25}},"loc":{"start":{"line":16,"column":40},"end":{"line":22,"column":5}},"line":16},"3":{"name":"(anonymous_3)","decl":{"start":{"line":23,"column":2},"end":{"line":23,"column":3}},"loc":{"start":{"line":23,"column":11},"end":{"line":46,"column":3}},"line":23},"4":{"name":"(anonymous_4)","decl":{"start":{"line":30,"column":17},"end":{"line":30,"column":18}},"loc":{"start":{"line":30,"column":23},"end":{"line":30,"column":67}},"line":30},"5":{"name":"(anonymous_5)","decl":{"start":{"line":34,"column":40},"end":{"line":34,"column":41}},"loc":{"start":{"line":35,"column":16},"end":{"line":38,"column":25}},"line":35},"6":{"name":"(anonymous_6)","decl":{"start":{"line":36,"column":25},"end":{"line":36,"column":26}},"loc":{"start":{"line":36,"column":30},"end":{"line":36,"column":64}},"line":36},"7":{"name":"(anonymous_7)","decl":{"start":{"line":40,"column":25},"end":{"line":40,"column":26}},"loc":{"start":{"line":40,"column":30},"end":{"line":40,"column":59}},"line":40}},"branchMap":{"0":{"loc":{"start":{"line":33,"column":17},"end":{"line":33,"column":67}},"type":"cond-expr","locations":[{"start":{"line":33,"column":46},"end":{"line":33,"column":48}},{"start":{"line":33,"column":50},"end":{"line":33,"column":67}}],"line":33}},"s":{"0":5,"1":5,"2":2,"3":2,"4":4,"5":2,"6":5,"7":4,"8":4,"9":22,"10":2,"11":19,"12":2,"13":1},"f":{"0":2,"1":4,"2":4,"3":22,"4":2,"5":19,"6":2,"7":1},"b":{"0":[2,20]},"_coverageSchema":"1a1c01bbd47fc00a2c39e90264f33305004495a9","hash":"b1b2b565f0662f683d7d81c63a46e70d6ea0c62b"}
,"/mnt/c/Users/starrynightm13/Documents/Web Development/Application 4/meet/src/EventList.js": {"path":"/mnt/c/Users/starrynightm13/Documents/Web Development/Application 4/meet/src/EventList.js","statementMap":{"0":{"start":{"line":6,"column":4},"end":{"line":14,"column":6}},"1":{"start":{"line":9,"column":10},"end":{"line":11,"column":15}}},"fnMap":{"0":{"name":"(anonymous_0)","decl":{"start":{"line":5,"column":2},"end":{"line":5,"column":3}},"loc":{"start":{"line":5,"column":11},"end":{"line":15,"column":3}},"line":5},"1":{"name":"(anonymous_1)","decl":{"start":{"line":8,"column":31},"end":{"line":8,"column":32}},"loc":{"start":{"line":9,"column":10},"end":{"line":11,"column":15}},"line":9}},"branchMap":{},"s":{"0":9,"1":2},"f":{"0":9,"1":2},"b":{},"_coverageSchema":"1a1c01bbd47fc00a2c39e90264f33305004495a9","hash":"e9926b18de9494bad6df4a68c2b127b34b5cc92c"}
,"/mnt/c/Users/starrynightm13/Documents/Web Development/Application 4/meet/src/NumberOfEvents.js": {"path":"/mnt/c/Users/starrynightm13/Documents/Web Development/Application 4/meet/src/NumberOfEvents.js","statementMap":{"0":{"start":{"line":4,"column":10},"end":{"line":6,"column":3}},"1":{"start":{"line":9,"column":4},"end":{"line":19,"column":6}}},"fnMap":{"0":{"name":"(anonymous_0)","decl":{"start":{"line":8,"column":2},"end":{"line":8,"column":3}},"loc":{"start":{"line":8,"column":11},"end":{"line":20,"column":3}},"line":8}},"branchMap":{},"s":{"0":4,"1":6},"f":{"0":6},"b":{},"_coverageSchema":"1a1c01bbd47fc00a2c39e90264f33305004495a9","hash":"0c3e5048496950e4dbaeb2c8e8f011fbdd708657"}
,"/mnt/c/Users/starrynightm13/Documents/Web Development/Application 4/meet/src/api.js": {"path":"/mnt/c/Users/starrynightm13/Documents/Web Development/Application 4/meet/src/api.js","statementMap":{"0":{"start":{"line":3,"column":25},"end":{"line":5,"column":1}},"1":{"start":{"line":4,"column":2},"end":{"line":4,"column":18}},"2":{"start":{"line":7,"column":32},"end":{"line":11,"column":3}},"3":{"start":{"line":8,"column":27},"end":{"line":8,"column":64}},"4":{"start":{"line":8,"column":49},"end":{"line":8,"column":63}},"5":{"start":{"line":9,"column":20},"end":{"line":9,"column":50}},"6":{"start":{"line":10,"column":4},"end":{"line":10,"column":21}}},"fnMap":{"0":{"name":"(anonymous_0)","decl":{"start":{"line":3,"column":25},"end":{"line":3,"column":26}},"loc":{"start":{"line":3,"column":37},"end":{"line":5,"column":1}},"line":3},"1":{"name":"(anonymous_1)","decl":{"start":{"line":7,"column":32},"end":{"line":7,"column":33}},"loc":{"start":{"line":7,"column":44},"end":{"line":11,"column":3}},"line":7},"2":{"name":"(anonymous_2)","decl":{"start":{"line":8,"column":38},"end":{"line":8,"column":39}},"loc":{"start":{"line":8,"column":49},"end":{"line":8,"column":63}},"line":8}},"branchMap":{},"s":{"0":2,"1":9,"2":2,"3":2,"4":4,"5":2,"6":2},"f":{"0":9,"1":2,"2":4},"b":{},"_coverageSchema":"1a1c01bbd47fc00a2c39e90264f33305004495a9","hash":"b5792e8c9fe8151d9ff6e7ce31bc94ead7275b6e"}
,"/mnt/c/Users/starrynightm13/Documents/Web Development/Application 4/meet/src/mock-data.js": {"path":"/mnt/c/Users/starrynightm13/Documents/Web Development/Application 4/meet/src/mock-data.js","statementMap":{"0":{"start":{"line":1,"column":17},"end":{"line":85,"column":1}}},"fnMap":{},"branchMap":{},"s":{"0":3},"f":{},"b":{},"_coverageSchema":"1a1c01bbd47fc00a2c39e90264f33305004495a9","hash":"2e9feef836b1971e4e10f511738b7d7e27d87037"}
}
