{"/mnt/c/Users/starrynightm13/Documents/Web Development/Application 4/meet/src/App.js": {"path":"/mnt/c/Users/starrynightm13/Documents/Web Development/Application 4/meet/src/App.js","statementMap":{"0":{"start":{"line":10,"column":4},"end":{"line":16,"column":6}}},"fnMap":{"0":{"name":"(anonymous_0)","decl":{"start":{"line":9,"column":2},"end":{"line":9,"column":3}},"loc":{"start":{"line":9,"column":11},"end":{"line":17,"column":3}},"line":9}},"branchMap":{},"s":{"0":1},"f":{"0":1},"b":{},"_coverageSchema":"1a1c01bbd47fc00a2c39e90264f33305004495a9","hash":"d53747841b6b24f50595cda0e883a85afa39843f"}
,"/mnt/c/Users/starrynightm13/Documents/Web Development/Application 4/meet/src/CitySearch.js": {"path":"/mnt/c/Users/starrynightm13/Documents/Web Development/Application 4/meet/src/CitySearch.js","statementMap":{"0":{"start":{"line":4,"column":12},"end":{"line":7,"column":5}},"1":{"start":{"line":8,"column":25},"end":{"line":14,"column":5}},"2":{"start":{"line":9,"column":22},"end":{"line":9,"column":40}},"3":{"start":{"line":10,"column":28},"end":{"line":12,"column":10}},"4":{"start":{"line":11,"column":12},"end":{"line":11,"column":76}},"5":{"start":{"line":13,"column":8},"end":{"line":13,"column":52}},"6":{"start":{"line":15,"column":24},"end":{"line":19,"column":5}},"7":{"start":{"line":16,"column":8},"end":{"line":18,"column":11}},"8":{"start":{"line":21,"column":4},"end":{"line":40,"column":6}},"9":{"start":{"line":30,"column":16},"end":{"line":33,"column":25}},"10":{"start":{"line":31,"column":30},"end":{"line":31,"column":64}}},"fnMap":{"0":{"name":"(anonymous_0)","decl":{"start":{"line":8,"column":25},"end":{"line":8,"column":26}},"loc":{"start":{"line":8,"column":36},"end":{"line":14,"column":5}},"line":8},"1":{"name":"(anonymous_1)","decl":{"start":{"line":10,"column":56},"end":{"line":10,"column":57}},"loc":{"start":{"line":10,"column":70},"end":{"line":12,"column":9}},"line":10},"2":{"name":"(anonymous_2)","decl":{"start":{"line":15,"column":24},"end":{"line":15,"column":25}},"loc":{"start":{"line":15,"column":40},"end":{"line":19,"column":5}},"line":15},"3":{"name":"(anonymous_3)","decl":{"start":{"line":20,"column":2},"end":{"line":20,"column":3}},"loc":{"start":{"line":20,"column":11},"end":{"line":41,"column":3}},"line":20},"4":{"name":"(anonymous_4)","decl":{"start":{"line":29,"column":40},"end":{"line":29,"column":41}},"loc":{"start":{"line":30,"column":16},"end":{"line":33,"column":25}},"line":30},"5":{"name":"(anonymous_5)","decl":{"start":{"line":31,"column":25},"end":{"line":31,"column":26}},"loc":{"start":{"line":31,"column":30},"end":{"line":31,"column":64}},"line":31}},"branchMap":{},"s":{"0":1,"1":1,"2":2,"3":2,"4":4,"5":2,"6":1,"7":1,"8":8,"9":6,"10":1},"f":{"0":2,"1":4,"2":1,"3":8,"4":6,"5":1},"b":{},"_coverageSchema":"1a1c01bbd47fc00a2c39e90264f33305004495a9","hash":"6c92e43ae9b5fb2ee0969b431c62157885ec7c05"}
,"/mnt/c/Users/starrynightm13/Documents/Web Development/Application 4/meet/src/Event.js": {"path":"/mnt/c/Users/starrynightm13/Documents/Web Development/Application 4/meet/src/Event.js","statementMap":{"0":{"start":{"line":4,"column":10},"end":{"line":7,"column":3}},"1":{"start":{"line":8,"column":16},"end":{"line":14,"column":3}},"2":{"start":{"line":9,"column":4},"end":{"line":13,"column":5}},"3":{"start":{"line":10,"column":6},"end":{"line":10,"column":65}},"4":{"start":{"line":12,"column":6},"end":{"line":12,"column":64}},"5":{"start":{"line":17,"column":18},"end":{"line":17,"column":34}},"6":{"start":{"line":18,"column":4},"end":{"line":40,"column":6}}},"fnMap":{"0":{"name":"(anonymous_0)","decl":{"start":{"line":8,"column":16},"end":{"line":8,"column":17}},"loc":{"start":{"line":8,"column":22},"end":{"line":14,"column":3}},"line":8},"1":{"name":"(anonymous_1)","decl":{"start":{"line":16,"column":2},"end":{"line":16,"column":3}},"loc":{"start":{"line":16,"column":11},"end":{"line":41,"column":3}},"line":16}},"branchMap":{"0":{"loc":{"start":{"line":9,"column":4},"end":{"line":13,"column":5}},"type":"if","locations":[{"start":{"line":9,"column":4},"end":{"line":13,"column":5}},{"start":{"line":9,"column":4},"end":{"line":13,"column":5}}],"line":9},"1":{"loc":{"start":{"line":25,"column":9},"end":{"line":33,"column":9}},"type":"binary-expr","locations":[{"start":{"line":25,"column":9},"end":{"line":25,"column":24}},{"start":{"line":26,"column":10},"end":{"line":32,"column":16}}],"line":25}},"s":{"0":1,"1":1,"2":2,"3":1,"4":1,"5":3,"6":3},"f":{"0":2,"1":3},"b":{"0":[1,1],"1":[3,1]},"_coverageSchema":"1a1c01bbd47fc00a2c39e90264f33305004495a9","hash":"b6aadadf7019bc5eb05ca04b2a9cd520c20203a5"}
,"/mnt/c/Users/starrynightm13/Documents/Web Development/Application 4/meet/src/EventList.js": {"path":"/mnt/c/Users/starrynightm13/Documents/Web Development/Application 4/meet/src/EventList.js","statementMap":{"0":{"start":{"line":6,"column":27},"end":{"line":6,"column":37}},"1":{"start":{"line":7,"column":8},"end":{"line":15,"column":9}},"2":{"start":{"line":10,"column":20},"end":{"line":12,"column":25}}},"fnMap":{"0":{"name":"(anonymous_0)","decl":{"start":{"line":5,"column":4},"end":{"line":5,"column":5}},"loc":{"start":{"line":5,"column":13},"end":{"line":16,"column":5}},"line":5},"1":{"name":"(anonymous_1)","decl":{"start":{"line":9,"column":28},"end":{"line":9,"column":29}},"loc":{"start":{"line":10,"column":20},"end":{"line":12,"column":25}},"line":10}},"branchMap":{},"s":{"0":1,"1":1,"2":2},"f":{"0":1,"1":2},"b":{},"_coverageSchema":"1a1c01bbd47fc00a2c39e90264f33305004495a9","hash":"5c0692a4ec3fa2be76581127e801a63b1e688019"}
,"/mnt/c/Users/starrynightm13/Documents/Web Development/Application 4/meet/src/NumberOfEvents.js": {"path":"/mnt/c/Users/starrynightm13/Documents/Web Development/Application 4/meet/src/NumberOfEvents.js","statementMap":{"0":{"start":{"line":4,"column":10},"end":{"line":6,"column":3}},"1":{"start":{"line":9,"column":4},"end":{"line":19,"column":6}}},"fnMap":{"0":{"name":"(anonymous_0)","decl":{"start":{"line":8,"column":2},"end":{"line":8,"column":3}},"loc":{"start":{"line":8,"column":11},"end":{"line":20,"column":3}},"line":8}},"branchMap":{},"s":{"0":1,"1":1},"f":{"0":1},"b":{},"_coverageSchema":"1a1c01bbd47fc00a2c39e90264f33305004495a9","hash":"0c3e5048496950e4dbaeb2c8e8f011fbdd708657"}
,"/mnt/c/Users/starrynightm13/Documents/Web Development/Application 4/meet/src/api.js": {"path":"/mnt/c/Users/starrynightm13/Documents/Web Development/Application 4/meet/src/api.js","statementMap":{"0":{"start":{"line":1,"column":32},"end":{"line":5,"column":3}},"1":{"start":{"line":2,"column":27},"end":{"line":2,"column":64}},"2":{"start":{"line":2,"column":49},"end":{"line":2,"column":63}},"3":{"start":{"line":3,"column":20},"end":{"line":3,"column":50}},"4":{"start":{"line":4,"column":4},"end":{"line":4,"column":21}}},"fnMap":{"0":{"name":"(anonymous_0)","decl":{"start":{"line":1,"column":32},"end":{"line":1,"column":33}},"loc":{"start":{"line":1,"column":44},"end":{"line":5,"column":3}},"line":1},"1":{"name":"(anonymous_1)","decl":{"start":{"line":2,"column":38},"end":{"line":2,"column":39}},"loc":{"start":{"line":2,"column":49},"end":{"line":2,"column":63}},"line":2}},"branchMap":{},"s":{"0":1,"1":1,"2":2,"3":1,"4":1},"f":{"0":1,"1":2},"b":{},"_coverageSchema":"1a1c01bbd47fc00a2c39e90264f33305004495a9","hash":"fa3caca0f6057da081c175f2aafe92ac1822b890"}
,"/mnt/c/Users/starrynightm13/Documents/Web Development/Application 4/meet/src/mock-data.js": {"path":"/mnt/c/Users/starrynightm13/Documents/Web Development/Application 4/meet/src/mock-data.js","statementMap":{"0":{"start":{"line":1,"column":17},"end":{"line":85,"column":1}}},"fnMap":{},"branchMap":{},"s":{"0":3},"f":{},"b":{},"_coverageSchema":"1a1c01bbd47fc00a2c39e90264f33305004495a9","hash":"2e9feef836b1971e4e10f511738b7d7e27d87037"}
}
