TN:
SF:src/App.js
FN:15,(anonymous_0)
FN:16,(anonymous_1)
FN:19,(anonymous_2)
FN:26,(anonymous_3)
FN:28,(anonymous_4)
FN:38,(anonymous_5)
FN:41,(anonymous_6)
FNF:7
FNH:7
FNDA:2,(anonymous_0)
FNDA:2,(anonymous_1)
FNDA:2,(anonymous_2)
FNDA:5,(anonymous_3)
FNDA:5,(anonymous_4)
FNDA:4,(anonymous_5)
FNDA:8,(anonymous_6)
DA:10,5
DA:15,5
DA:16,2
DA:17,2
DA:19,2
DA:20,2
DA:27,5
DA:28,5
DA:29,5
DA:30,3
DA:39,4
DA:42,8
LF:12
LH:12
BRDA:17,0,0,1
BRDA:17,0,1,1
BRDA:29,1,0,3
BRDA:29,1,1,2
BRF:4
BRH:4
end_of_record
TN:
SF:src/CitySearch.js
FN:9,(anonymous_0)
FN:11,(anonymous_1)
FN:16,(anonymous_2)
FN:23,(anonymous_3)
FN:30,(anonymous_4)
FN:34,(anonymous_5)
FN:36,(anonymous_6)
FN:40,(anonymous_7)
FNF:8
FNH:8
FNDA:2,(anonymous_0)
FNDA:4,(anonymous_1)
FNDA:4,(anonymous_2)
FNDA:22,(anonymous_3)
FNDA:2,(anonymous_4)
FNDA:19,(anonymous_5)
FNDA:2,(anonymous_6)
FNDA:1,(anonymous_7)
DA:4,5
DA:9,5
DA:10,2
DA:11,2
DA:12,4
DA:14,2
DA:16,5
DA:17,4
DA:21,4
DA:24,22
DA:30,2
DA:35,19
DA:36,2
DA:40,1
LF:14
LH:14
BRDA:33,0,0,2
BRDA:33,0,1,20
BRF:2
BRH:2
end_of_record
TN:
SF:src/EventList.js
FN:5,(anonymous_0)
FN:8,(anonymous_1)
FNF:2
FNH:2
FNDA:9,(anonymous_0)
FNDA:2,(anonymous_1)
DA:6,9
DA:9,2
LF:2
LH:2
BRF:0
BRH:0
end_of_record
TN:
SF:src/NumberOfEvents.js
FN:8,(anonymous_0)
FNF:1
FNH:1
FNDA:6,(anonymous_0)
DA:4,4
DA:9,6
LF:2
LH:2
BRF:0
BRH:0
end_of_record
TN:
SF:src/api.js
FN:3,(anonymous_0)
FN:7,(anonymous_1)
FN:8,(anonymous_2)
FNF:3
FNH:3
FNDA:9,(anonymous_0)
FNDA:2,(anonymous_1)
FNDA:4,(anonymous_2)
DA:3,2
DA:4,9
DA:7,2
DA:8,4
DA:9,2
DA:10,2
LF:6
LH:6
BRF:0
BRH:0
end_of_record
TN:
SF:src/mock-data.js
FNF:0
FNH:0
DA:1,3
LF:1
LH:1
BRF:0
BRH:0
end_of_record
